<?xml version="1.0" encoding="UTF-8"?>
<testng-results ignored="0" total="1" passed="1" failed="0" skipped="0">
  <reporter-output>
  </reporter-output>
  <suite started-at="2020-05-03T23:34:10 IST" name="All Test Suite" finished-at="2020-05-03T23:37:16 IST" duration-ms="185570">
    <groups>
      <group name="cucumber">
        <method signature="AbstractTestNGCucumberTests.feature(cucumber.api.testng.CucumberFeatureWrapper)[pri:0, instance:TestRunner.Testrunner@e4487af]" name="feature" class="cucumber.api.testng.AbstractTestNGCucumberTests"/>
      </group> <!-- cucumber -->
    </groups>
    <test started-at="2020-05-03T23:34:10 IST" name="C:/Users/SIDDHI SURANGE/Documents/Project" finished-at="2020-05-03T23:37:16 IST" duration-ms="185570">
      <class name="TestRunner.Testrunner">
        <test-method is-config="true" signature="setUpClass()[pri:0, instance:TestRunner.Testrunner@e4487af]" started-at="2020-05-03T23:34:10 IST" name="setUpClass" finished-at="2020-05-03T23:34:11 IST" duration-ms="1186" status="PASS">
          <reporter-output>
          </reporter-output>
        </test-method> <!-- setUpClass -->
        <test-method signature="feature(cucumber.api.testng.CucumberFeatureWrapper)[pri:0, instance:TestRunner.Testrunner@e4487af]" started-at="2020-05-03T23:34:12 IST" name="feature" description="Runs Cucumber Feature" data-provider="features" finished-at="2020-05-03T23:37:16 IST" duration-ms="183904" status="PASS">
          <params>
            <param index="0">
              <value>
                <![CDATA[Application Login functionality]]>
              </value>
            </param>
          </params>
          <reporter-output>
          </reporter-output>
        </test-method> <!-- feature -->
        <test-method is-config="true" signature="tearDownClass()[pri:0, instance:TestRunner.Testrunner@e4487af]" started-at="2020-05-03T23:37:16 IST" name="tearDownClass" finished-at="2020-05-03T23:37:16 IST" duration-ms="69" status="PASS">
          <reporter-output>
          </reporter-output>
        </test-method> <!-- tearDownClass -->
      </class> <!-- TestRunner.Testrunner -->
    </test> <!-- C:/Users/SIDDHI SURANGE/Documents/Project -->
  </suite> <!-- All Test Suite -->
</testng-results>
